[ 2016-05-01T12:47:42+08:00 ] ::1 /shop/index.php/Home/Index/Login/index
ERR: 非法操作:Login

[ 2016-05-01T12:52:11+08:00 ] ::1 /shop/index.php/Home/Login/css/base.css
ERR: 非法操作:css

[ 2016-05-01T12:52:11+08:00 ] ::1 /shop/index.php/Home/Login/css/login-register.css
ERR: 非法操作:css

[ 2016-05-01T12:52:11+08:00 ] ::1 /shop/index.php/Home/Login/css/global.css
ERR: 非法操作:css

[ 2016-05-01T12:52:11+08:00 ] ::1 /shop/index.php/Home/Login/code
ERR: 非法操作:code

[ 2016-05-01T12:53:15+08:00 ] ::1 /shop/index.php/Home/Login/css/global.css
ERR: 非法操作:css

[ 2016-05-01T12:53:15+08:00 ] ::1 /shop/index.php/Home/Login/css/base.css
ERR: 非法操作:css

[ 2016-05-01T12:53:15+08:00 ] ::1 /shop/index.php/Home/Login/css/login-register.css
ERR: 非法操作:css

[ 2016-05-01T12:53:15+08:00 ] ::1 /shop/index.php/Home/Login/code
ERR: 非法操作:code

[ 2016-05-01T12:53:17+08:00 ] ::1 /shop/index.php/Home/Login/css/global.css
ERR: 非法操作:css

[ 2016-05-01T12:53:17+08:00 ] ::1 /shop/index.php/Home/Login/css/login-register.css
ERR: 非法操作:css

[ 2016-05-01T12:53:17+08:00 ] ::1 /shop/index.php/Home/Login/css/base.css
ERR: 非法操作:css

[ 2016-05-01T12:53:17+08:00 ] ::1 /shop/index.php/Home/Login/code
ERR: 非法操作:code

[ 2016-05-01T12:53:18+08:00 ] ::1 /shop/index.php/Home/Login/css/base.css
ERR: 非法操作:css

[ 2016-05-01T12:53:18+08:00 ] ::1 /shop/index.php/Home/Login/css/global.css
ERR: 非法操作:css

[ 2016-05-01T12:53:18+08:00 ] ::1 /shop/index.php/Home/Login/css/login-register.css
ERR: 非法操作:css

[ 2016-05-01T12:53:18+08:00 ] ::1 /shop/index.php/Home/Login/code
ERR: 非法操作:code

[ 2016-05-01T12:55:41+08:00 ] ::1 /shop/index.php/Home/Login/css/base.css
ERR: 非法操作:css

[ 2016-05-01T12:55:41+08:00 ] ::1 /shop/index.php/Home/Login/css/global.css
ERR: 非法操作:css

[ 2016-05-01T12:55:41+08:00 ] ::1 /shop/index.php/Home/Login/css/login-register.css
ERR: 非法操作:css

[ 2016-05-01T12:55:41+08:00 ] ::1 /shop/index.php/Home/Login/code
ERR: 非法操作:code

[ 2016-05-01T12:55:42+08:00 ] ::1 /shop/index.php/Home/Login/css/global.css
ERR: 非法操作:css

[ 2016-05-01T12:55:42+08:00 ] ::1 /shop/index.php/Home/Login/css/base.css
ERR: 非法操作:css

[ 2016-05-01T12:55:42+08:00 ] ::1 /shop/index.php/Home/Login/css/login-register.css
ERR: 非法操作:css

[ 2016-05-01T12:55:42+08:00 ] ::1 /shop/index.php/Home/Login/code
ERR: 非法操作:code

[ 2016-05-01T12:55:46+08:00 ] ::1 /shop/index.php/Home/Login/code
ERR: 非法操作:code

[ 2016-05-01T12:55:49+08:00 ] ::1 /shop/index.php/Home/Login/code/0.9576919369897843
ERR: 非法操作:code

[ 2016-05-01T12:55:50+08:00 ] ::1 /shop/index.php/Home/Login/code/0.4895024288342813
ERR: 非法操作:code

[ 2016-05-01T12:55:51+08:00 ] ::1 /shop/index.php/Home/Login/code/0.27583087296643605
ERR: 非法操作:code

[ 2016-05-01T12:58:49+08:00 ] ::1 /shop/index.php/Home/Login/code/0.7838797381344242
ERR: 非法操作:code

[ 2016-05-01T12:58:49+08:00 ] ::1 /shop/index.php/Home/Login/code/0.8509762665473797
ERR: 非法操作:code

[ 2016-05-01T12:58:52+08:00 ] ::1 /shop/index.php/Home/Login/code/0.8509762665473797
ERR: 非法操作:code

[ 2016-05-01T12:58:55+08:00 ] ::1 /shop/index.php/Home/Login/code/0.909344846905193
ERR: 非法操作:code

[ 2016-05-01T13:04:24+08:00 ] ::1 /shop/index.php/Home/Register/css/base.css
ERR: 非法操作:css

[ 2016-05-01T13:04:24+08:00 ] ::1 /shop/index.php/Home/Register/css/global.css
ERR: 非法操作:css

[ 2016-05-01T13:04:24+08:00 ] ::1 /shop/index.php/Home/Register/css/login-register.css
ERR: 非法操作:css

[ 2016-05-01T13:08:27+08:00 ] ::1 /shop/index.php/Home/Register/code
ERR: 非法操作:code

[ 2016-05-01T13:25:28+08:00 ] ::1 /shop/index.php/Home/Register/js/jquery-1.11.1.js
ERR: 非法操作:js

[ 2016-05-01T13:25:50+08:00 ] ::1 /shop/index.php/Home/Register/js/jquery-1.11.1.js
ERR: 非法操作:js

[ 2016-05-01T14:19:13+08:00 ] ::1 /shop/index.php/Home/Login/index.html
ERR: Think\Model:checkUser方法不存在！

[ 2016-05-01T15:00:28+08:00 ] ::1 /shop/index.php/Home/logout
ERR: 无法加载控制器:Logout

[ 2016-05-01T15:03:09+08:00 ] ::1 /shop/index.php/Home/Index/1
ERR: 非法操作:1

[ 2016-05-01T15:03:19+08:00 ] ::1 /shop/index.php/Home/Index/1
ERR: 非法操作:1

[ 2016-05-01T15:03:21+08:00 ] ::1 /shop/index.php/Home/Index/1
ERR: 非法操作:1

