[ 2016-04-11T16:02:10+08:00 ] ::1 /shop/index.php
ERR: Think\Model:frontCats方法不存在！

[ 2016-04-11T16:02:28+08:00 ] ::1 /shop/index.php
ERR: Think\Model:frontCats方法不存在！

[ 2016-04-11T16:02:51+08:00 ] ::1 /shop/index.php
ERR: Think\Model:frontCats方法不存在！

[ 2016-04-11T16:03:19+08:00 ] ::1 /shop/index.php
ERR: Think\Model:frontCats方法不存在！

[ 2016-04-11T16:04:24+08:00 ] ::1 /shop/index.php
ERR: Think\Model:frontCats方法不存在！

[ 2016-04-11T16:04:24+08:00 ] ::1 /shop/index.php
ERR: Think\Model:frontCats方法不存在！

[ 2016-04-11T16:05:42+08:00 ] ::1 /shop/index.php
ERR: Think\Model:frontCats方法不存在！

[ 2016-04-11T16:07:04+08:00 ] ::1 /shop/index.php
ERR: Think\Model:frontCats方法不存在！

[ 2016-04-11T16:07:06+08:00 ] ::1 /shop/index.php
ERR: Think\Model:frontCats方法不存在！

[ 2016-04-11T16:07:19+08:00 ] ::1 /shop/index.php
ERR: Think\Model:frontCats方法不存在！

[ 2016-04-11T16:07:20+08:00 ] ::1 /shop/index.php
ERR: Think\Model:frontCats方法不存在！

[ 2016-04-11T16:07:20+08:00 ] ::1 /shop/index.php
ERR: Think\Model:frontCats方法不存在！

[ 2016-04-11T16:09:11+08:00 ] ::1 /shop/index.php
ERR: Think\Model:frontCats方法不存在！

[ 2016-04-11T16:09:12+08:00 ] ::1 /shop/index.php
ERR: Think\Model:frontCats方法不存在！

[ 2016-04-11T16:09:12+08:00 ] ::1 /shop/index.php
ERR: Think\Model:frontCats方法不存在！

[ 2016-04-11T16:09:12+08:00 ] ::1 /shop/index.php
ERR: Think\Model:frontCats方法不存在！

[ 2016-04-11T16:09:12+08:00 ] ::1 /shop/index.php
ERR: Think\Model:frontCats方法不存在！

[ 2016-04-11T16:09:12+08:00 ] ::1 /shop/index.php
ERR: Think\Model:frontCats方法不存在！

[ 2016-04-11T16:09:12+08:00 ] ::1 /shop/index.php
ERR: Think\Model:frontCats方法不存在！

[ 2016-04-11T16:09:21+08:00 ] ::1 /shop/index.php
ERR: Think\Model:frontCats方法不存在！

[ 2016-04-11T16:10:39+08:00 ] ::1 /shop/index.php
ERR: Think\Model:a方法不存在！

[ 2016-04-11T16:10:40+08:00 ] ::1 /shop/index.php
ERR: Think\Model:a方法不存在！

[ 2016-04-11T16:10:41+08:00 ] ::1 /shop/index.php
ERR: Think\Model:a方法不存在！

[ 2016-04-11T16:10:41+08:00 ] ::1 /shop/index.php
ERR: Think\Model:a方法不存在！

[ 2016-04-11T16:10:41+08:00 ] ::1 /shop/index.php
ERR: Think\Model:a方法不存在！

[ 2016-04-11T16:10:41+08:00 ] ::1 /shop/index.php
ERR: Think\Model:a方法不存在！

[ 2016-04-11T16:10:41+08:00 ] ::1 /shop/index.php
ERR: Think\Model:a方法不存在！

[ 2016-04-11T16:10:41+08:00 ] ::1 /shop/index.php
ERR: Think\Model:a方法不存在！

[ 2016-04-11T16:10:42+08:00 ] ::1 /shop/index.php
ERR: Think\Model:a方法不存在！

[ 2016-04-11T16:10:42+08:00 ] ::1 /shop/index.php
ERR: Think\Model:a方法不存在！

[ 2016-04-11T16:10:42+08:00 ] ::1 /shop/index.php
ERR: Think\Model:a方法不存在！

[ 2016-04-11T16:10:42+08:00 ] ::1 /shop/index.php
ERR: Think\Model:a方法不存在！

[ 2016-04-11T16:12:44+08:00 ] ::1 /shop/index.php
ERR: Think\Model:a方法不存在！

[ 2016-04-11T16:15:17+08:00 ] ::1 /shop/index.php
ERR: Think\Model:a方法不存在！

[ 2016-04-11T16:15:26+08:00 ] ::1 /shop/index.php
ERR: Think\Model:frontCats方法不存在！

[ 2016-04-11T16:16:33+08:00 ] ::1 /shop/index.php
NOTIC: D方法实例化没找到模型类Category\Model\CategoryModel
ERR: Think\Model:frontCats方法不存在！

[ 2016-04-11T16:16:34+08:00 ] ::1 /shop/index.php
NOTIC: D方法实例化没找到模型类Category\Model\CategoryModel
ERR: Think\Model:frontCats方法不存在！

[ 2016-04-11T16:22:32+08:00 ] ::1 /shop/index.php
ERR: Think\Model:frontCats方法不存在！

[ 2016-04-11T16:22:32+08:00 ] ::1 /shop/index.php
ERR: Think\Model:frontCats方法不存在！

[ 2016-04-11T16:24:09+08:00 ] ::1 /shop/index.php
ERR: Think\Model:frontCats方法不存在！

[ 2016-04-11T16:24:09+08:00 ] ::1 /shop/index.php
ERR: Think\Model:frontCats方法不存在！

[ 2016-04-11T16:24:09+08:00 ] ::1 /shop/index.php
ERR: Think\Model:frontCats方法不存在！

[ 2016-04-11T16:24:09+08:00 ] ::1 /shop/index.php
ERR: Think\Model:frontCats方法不存在！

[ 2016-04-11T16:24:10+08:00 ] ::1 /shop/index.php
ERR: Think\Model:frontCats方法不存在！

[ 2016-04-11T16:24:10+08:00 ] ::1 /shop/index.php
ERR: Think\Model:frontCats方法不存在！

[ 2016-04-11T16:24:10+08:00 ] ::1 /shop/index.php
ERR: Think\Model:frontCats方法不存在！

[ 2016-04-11T16:24:10+08:00 ] ::1 /shop/index.php
ERR: Think\Model:frontCats方法不存在！

[ 2016-04-11T16:24:10+08:00 ] ::1 /shop/index.php
ERR: Think\Model:frontCats方法不存在！

[ 2016-04-11T16:35:27+08:00 ] ::1 /shop/index.php/Home/Category/index/id/A
ERR: 无法加载控制器:Category

[ 2016-04-11T16:37:41+08:00 ] ::1 /shop/index.php/Home/Category/index/id/2
ERR: 无法加载控制器:Category

