[ 2016-05-02T15:12:04+08:00 ] ::1 /shop/index.php/Admin/Index/order.php?act=list
ERR: 非法操作:order.php

[ 2016-05-02T15:12:05+08:00 ] ::1 /shop/index.php/Admin/Index/order.php?act=add
ERR: 非法操作:order.php

[ 2016-05-02T15:13:23+08:00 ] ::1 /shop/index.php/Admin/Index/order.php?act=list
ERR: 非法操作:order.php

[ 2016-05-02T15:14:35+08:00 ] ::1 /shop/index.php/Admin/Index/order.php?act=list
ERR: 非法操作:order.php

[ 2016-05-02T15:14:36+08:00 ] ::1 /shop/index.php/Admin/Index/order.php?act=add
ERR: 非法操作:order.php

[ 2016-05-02T15:14:39+08:00 ] ::1 /shop/index.php/Admin/Index/order.php?act=add
ERR: 非法操作:order.php

[ 2016-05-02T15:14:42+08:00 ] ::1 /shop/index.php/Admin/Index/order.php?act=delivery_list
ERR: 非法操作:order.php

[ 2016-05-02T15:14:43+08:00 ] ::1 /shop/index.php/Admin/Index/order.php?act=back_list
ERR: 非法操作:order.php

[ 2016-05-02T15:14:44+08:00 ] ::1 /shop/index.php/Admin/Index/order.php?act=list
ERR: 非法操作:order.php

[ 2016-05-02T15:15:00+08:00 ] ::1 /shop/index.php/Admin/Index/order.php?act=list
ERR: 非法操作:order.php

[ 2016-05-02T15:16:43+08:00 ] ::1 /shop/index.php/Admin/Index/order.php?act=list
ERR: 非法操作:order.php

[ 2016-05-02T15:22:31+08:00 ] ::1 /shop/index.php/Admin/Index/order.php?act=list
ERR: 非法操作:order.php

