[ 2016-03-15T09:21:46+08:00 ] ::1 /shop/index.php/Admin/Login/login.html
ERR: Access denied for user 'root'@'localhost' (using password: YES)

[ 2016-03-15T09:36:26+08:00 ] ::1 /shop/index.php/Admin/Login/login.html
ERR: Access denied for user 'root'@'localhost' (using password: YES)

[ 2016-03-15T09:37:10+08:00 ] ::1 /shop/index.php/Admin/Login/login.html
ERR: Unknown database 'shop'

[ 2016-03-15T09:39:54+08:00 ] ::1 /shop/index.php/Admin/Index/order.php?act=list
ERR: 非法操作:order.php

[ 2016-03-15T09:44:51+08:00 ] ::1 /shop/index.php/Admin/Attribute/getAttrs?type_id=2
INFO: [ app_begin ] --START--
INFO: Run Behavior\ReadHtmlCacheBehavior [ RunTime:0.000542s ]
INFO: [ app_begin ] --END-- [ RunTime:0.000848s ]
NOTIC: [8192] mysql_connect(): The mysql extension is deprecated and will be removed in the future: use mysqli or PDO instead E:\xampp\htdocs\shop\ThinkPHP\Library\Think\Db\Driver\Mysql.class.php 第 52 行.
SQL: SHOW COLUMNS FROM `cz_attribute` [ RunTime:0.002327s ]
SQL: SELECT * FROM `cz_attribute` WHERE `type_id` = 2  [ RunTime:0.000222s ]

[ 2016-03-15T09:44:56+08:00 ] ::1 /shop/index.php/Admin/Attribute/getAttrs?type_id=0
INFO: [ app_begin ] --START--
INFO: Run Behavior\ReadHtmlCacheBehavior [ RunTime:0.000542s ]
INFO: [ app_begin ] --END-- [ RunTime:0.000843s ]
NOTIC: [8192] mysql_connect(): The mysql extension is deprecated and will be removed in the future: use mysqli or PDO instead E:\xampp\htdocs\shop\ThinkPHP\Library\Think\Db\Driver\Mysql.class.php 第 52 行.
SQL: SHOW COLUMNS FROM `cz_attribute` [ RunTime:0.002518s ]
SQL: SELECT * FROM `cz_attribute` WHERE `type_id` = 0  [ RunTime:0.000228s ]
NOTIC: [2] Invalid argument supplied for foreach() E:\xampp\htdocs\shop\Application\Admin\Model\AttributeModel.class.php 第 30 行.

